<?xml version="1.0" encoding="UTF-8"?>
<!-- Generated by org.testng.reporters.JUnitReportReporter -->
<testsuite hostname="TMZ-DPC-2236" failures="0" tests="1" name="runner.runner2" time="8.834" errors="0" timestamp="2023-11-02T11:23:12 IST" skipped="0">
  <testcase classname="runner.runner2" name="runScenario" time="8.834"/>
</testsuite> <!-- runner.runner2 -->
