<?xml version="1.0" encoding="UTF-8"?>
<!-- Generated by org.testng.reporters.JUnitReportReporter -->
<testsuite hostname="TMZ-DPC-2236" failures="0" tests="3" name="runner.runner2" time="21.861" errors="0" timestamp="2023-11-02T13:29:47 IST" skipped="0">
  <testcase classname="runner.runner2" name="runScenario" time="7.259"/>
  <testcase classname="runner.runner2" name="runScenario" time="8.496"/>
  <testcase classname="runner.runner2" name="runScenario" time="6.106"/>
</testsuite> <!-- runner.runner2 -->
