<?xml version="1.0" encoding="UTF-8"?>
<!-- Generated by org.testng.reporters.JUnitReportReporter -->
<testsuite hostname="TMZ-DPC-2236" failures="0" tests="3" name="CreateTestng.CreateTestng.Test1" time="0.008" errors="0" timestamp="2023-10-25T10:46:27 IST" skipped="2">
  <testcase classname="CreateTestng.CreateTestng.Test1" name="we5" time="0.008"/>
  <testcase classname="CreateTestng.CreateTestng.Test1" name="we2">
    <skipped/>
  </testcase> <!-- we2 -->
  <testcase classname="CreateTestng.CreateTestng.Test1" name="we">
    <skipped/>
  </testcase> <!-- we -->
</testsuite> <!-- CreateTestng.CreateTestng.Test1 -->
