<?xml version="1.0" encoding="UTF-8"?>
<!-- Generated by org.testng.reporters.JUnitReportReporter -->
<testsuite hostname="TMZ-DPC-2236" failures="0" tests="1" name="com.testng.Demo1" time="5.211" errors="0" timestamp="2023-10-24T18:11:23 IST" skipped="0">
  <testcase classname="com.testng.Demo1" name="validation" time="5.211"/>
</testsuite> <!-- com.testng.Demo1 -->
