<?xml version="1.0" encoding="UTF-8"?>
<!-- Generated by org.testng.reporters.JUnitReportReporter -->
<testsuite hostname="TMZ-DPC-2236" failures="0" tests="1" name="com.pirmwithoutPageFactory.LoginTests" time="1.131" errors="0" timestamp="2023-10-27T13:20:02 IST" skipped="0">
  <testcase classname="com.pirmwithoutPageFactory.LoginTests" name="loginTest" time="1.131"/>
</testsuite> <!-- com.pirmwithoutPageFactory.LoginTests -->
