<?xml version="1.0" encoding="UTF-8"?>
<!-- Generated by org.testng.reporters.JUnitReportReporter -->
<testsuite hostname="TMZ-DPC-2236" failures="0" tests="4" name="com.testng.orangehrmwithtestng" time="210.649" errors="0" timestamp="2023-10-26T10:49:48 IST" skipped="0">
  <testcase classname="com.testng.orangehrmwithtestng" name="InvalidCredentials" time="32.798"/>
  <testcase classname="com.testng.orangehrmwithtestng" name="InvalidCredentials" time="35.372"/>
  <testcase classname="com.testng.orangehrmwithtestng" name="validCredentials" time="99.726"/>
  <testcase classname="com.testng.orangehrmwithtestng" name="validCredentials" time="42.753"/>
</testsuite> <!-- com.testng.orangehrmwithtestng -->
