<?xml version="1.0" encoding="UTF-8"?>
<!-- Generated by org.testng.reporters.JUnitReportReporter -->
<testsuite hostname="TMZ-DPC-2236" failures="0" tests="1" name="com.assesment2.RegisterPageTest" time="1.852" errors="0" timestamp="2023-10-31T16:25:07 IST" skipped="0">
  <testcase classname="com.assesment2.RegisterPageTest" name="register" time="1.852"/>
</testsuite> <!-- com.assesment2.RegisterPageTest -->
