<?xml version="1.0" encoding="UTF-8"?>
<!-- Generated by org.testng.reporters.JUnitReportReporter -->
<testsuite hostname="TMZ-DPC-2236" failures="0" tests="1" name="com.testng.Annotations1" time="0.006" errors="0" timestamp="2023-10-24T13:14:26 IST" skipped="0">
  <testcase classname="com.testng.Annotations1" name="validation" time="0.006"/>
</testsuite> <!-- com.testng.Annotations1 -->
