<?xml version="1.0" encoding="UTF-8"?>
<!-- Generated by org.testng.reporters.JUnitReportReporter -->
<testsuite hostname="TMZ-DPC-2236" failures="0" tests="1" name="com.pirmwithoutPageFactory.HomeTest" time="2.725" errors="0" timestamp="2023-10-27T13:20:02 IST" skipped="0">
  <testcase classname="com.pirmwithoutPageFactory.HomeTest" name="DashboardTest" time="2.725"/>
</testsuite> <!-- com.pirmwithoutPageFactory.HomeTest -->
