<?xml version="1.0" encoding="UTF-8"?>
<!-- Generated by org.testng.reporters.JUnitReportReporter -->
<testsuite hostname="TMZ-DPC-2236" failures="0" tests="2" name="com.testng.DataProdiver" time="78.963" errors="0" timestamp="2023-10-26T11:26:32 IST" skipped="0">
  <testcase classname="com.testng.DataProdiver" name="search" time="44.318"/>
  <testcase classname="com.testng.DataProdiver" name="search" time="34.645"/>
</testsuite> <!-- com.testng.DataProdiver -->
