<?xml version="1.0" encoding="UTF-8"?>
<!-- Generated by org.testng.reporters.JUnitReportReporter -->
<testsuite hostname="TMZ-DPC-2236" failures="0" tests="1" name="com.testng.Demo1" time="5.014" errors="0" timestamp="2023-10-25T15:51:06 IST" skipped="0">
  <testcase classname="com.testng.Demo1" name="validation" time="5.014"/>
</testsuite> <!-- com.testng.Demo1 -->
