<?xml version="1.0" encoding="UTF-8"?>
<!-- Generated by org.testng.reporters.JUnitReportReporter -->
<testsuite hostname="TMZ-DPC-2236" failures="0" tests="1" name="com.swagLab.BaseClass" time="0.006" errors="0" timestamp="2023-10-30T10:48:01 IST" skipped="0">
  <testcase classname="com.swagLab.BaseClass" name="login" time="0.006"/>
</testsuite> <!-- com.swagLab.BaseClass -->
