<?xml version="1.0" encoding="UTF-8"?>
<!-- Generated by org.testng.reporters.JUnitReportReporter -->
<testsuite hostname="TMZ-DPC-2236" failures="0" tests="1" name="com.pomwithPageFactory.LoginTest" time="0.568" errors="0" timestamp="2023-10-27T15:09:29 IST" skipped="0">
  <testcase classname="com.pomwithPageFactory.LoginTest" name="loginTest" time="0.568"/>
</testsuite> <!-- com.pomwithPageFactory.LoginTest -->
